<?xml version="1.0" encoding="UTF-8"?>
<testsuite name="clash_royale.model.game.elemets.RiverTest" tests="2" skipped="0" failures="0" errors="0" timestamp="2021-05-31T00:48:48" hostname="LAPTOP-MNIAEDA4" time="0.003">
  <properties/>
  <testcase name="getHeight()" classname="clash_royale.model.game.elemets.RiverTest" time="0.002"/>
  <testcase name="getWidth()" classname="clash_royale.model.game.elemets.RiverTest" time="0.0"/>
  <system-out><![CDATA[]]></system-out>
  <system-err><![CDATA[]]></system-err>
</testsuite>
