<?xml version="1.0" encoding="UTF-8"?>
<testsuite name="clash_royale.GameTest" tests="2" skipped="0" failures="0" errors="0" timestamp="2021-05-31T00:48:47" hostname="LAPTOP-MNIAEDA4" time="0.866">
  <properties/>
  <testcase name="testInitState()" classname="clash_royale.GameTest" time="0.775"/>
  <testcase name="setState()" classname="clash_royale.GameTest" time="0.089"/>
  <system-out><![CDATA[]]></system-out>
  <system-err><![CDATA[]]></system-err>
</testsuite>
