<?xml version="1.0" encoding="UTF-8"?>
<testsuite name="clash_royale.states.menu.MenuStateTest" tests="3" skipped="0" failures="0" errors="0" timestamp="2021-05-31T00:48:49" hostname="LAPTOP-MNIAEDA4" time="0.002">
  <properties/>
  <testcase name="initViewer()" classname="clash_royale.states.menu.MenuStateTest" time="0.001"/>
  <testcase name="initController()" classname="clash_royale.states.menu.MenuStateTest" time="0.0"/>
  <testcase name="getModel()" classname="clash_royale.states.menu.MenuStateTest" time="0.0"/>
  <system-out><![CDATA[]]></system-out>
  <system-err><![CDATA[]]></system-err>
</testsuite>
