<?xml version="1.0" encoding="UTF-8"?>
<testsuite name="clash_royale.controller.game.PlayerControllerTest" tests="2" skipped="0" failures="0" errors="0" timestamp="2021-05-31T00:48:46" hostname="LAPTOP-MNIAEDA4" time="0.021">
  <properties/>
  <testcase name="playCard()" classname="clash_royale.controller.game.PlayerControllerTest" time="0.015"/>
  <testcase name="getArena()" classname="clash_royale.controller.game.PlayerControllerTest" time="0.005"/>
  <system-out><![CDATA[]]></system-out>
  <system-err><![CDATA[]]></system-err>
</testsuite>
