<?xml version="1.0" encoding="UTF-8"?>
<testsuite name="clash_royale.view.menu.MenuViewerTest" tests="2" skipped="0" failures="0" errors="0" timestamp="2021-05-31T00:48:49" hostname="LAPTOP-MNIAEDA4" time="0.007">
  <properties/>
  <testcase name="drawElementExit()" classname="clash_royale.view.menu.MenuViewerTest" time="0.004"/>
  <testcase name="drawElementStart()" classname="clash_royale.view.menu.MenuViewerTest" time="0.003"/>
  <system-out><![CDATA[]]></system-out>
  <system-err><![CDATA[]]></system-err>
</testsuite>
