<?xml version="1.0" encoding="UTF-8"?>
<testsuite name="clash_royale.model.game.elemets.character.TroopCharacterTest" tests="6" skipped="0" failures="0" errors="0" timestamp="2021-05-31T00:48:48" hostname="LAPTOP-MNIAEDA4" time="0.017">
  <properties/>
  <testcase name="attack()" classname="clash_royale.model.game.elemets.character.TroopCharacterTest" time="0.004"/>
  <testcase name="equals()" classname="clash_royale.model.game.elemets.character.TroopCharacterTest" time="0.001"/>
  <testcase name="move()" classname="clash_royale.model.game.elemets.character.TroopCharacterTest" time="0.001"/>
  <testcase name="getHealth()" classname="clash_royale.model.game.elemets.character.TroopCharacterTest" time="0.001"/>
  <testcase name="decreaseHealth()" classname="clash_royale.model.game.elemets.character.TroopCharacterTest" time="0.002"/>
  <testcase name="getRange()" classname="clash_royale.model.game.elemets.character.TroopCharacterTest" time="0.001"/>
  <system-out><![CDATA[]]></system-out>
  <system-err><![CDATA[]]></system-err>
</testsuite>
