<?xml version="1.0" encoding="UTF-8"?>
<testsuite name="clash_royale.model.PositionTest" tests="7" skipped="0" failures="0" errors="0" timestamp="2021-05-31T00:48:48" hostname="LAPTOP-MNIAEDA4" time="0.006">
  <properties/>
  <testcase name="equals()" classname="clash_royale.model.PositionTest" time="0.001"/>
  <testcase name="getDown()" classname="clash_royale.model.PositionTest" time="0.001"/>
  <testcase name="getLeft()" classname="clash_royale.model.PositionTest" time="0.0"/>
  <testcase name="getX()" classname="clash_royale.model.PositionTest" time="0.0"/>
  <testcase name="getY()" classname="clash_royale.model.PositionTest" time="0.0"/>
  <testcase name="getUp()" classname="clash_royale.model.PositionTest" time="0.001"/>
  <testcase name="getRight()" classname="clash_royale.model.PositionTest" time="0.001"/>
  <system-out><![CDATA[]]></system-out>
  <system-err><![CDATA[]]></system-err>
</testsuite>
