<?xml version="1.0" encoding="UTF-8"?>
<testsuite name="clash_royale.model.game.elemets.card.SpellCardTest" tests="6" skipped="0" failures="0" errors="0" timestamp="2021-05-31T00:48:48" hostname="LAPTOP-MNIAEDA4" time="0.013">
  <properties/>
  <testcase name="getChar()" classname="clash_royale.model.game.elemets.card.SpellCardTest" time="0.0"/>
  <testcase name="getName()" classname="clash_royale.model.game.elemets.card.SpellCardTest" time="0.0"/>
  <testcase name="getElixirCost()" classname="clash_royale.model.game.elemets.card.SpellCardTest" time="0.001"/>
  <testcase name="createCharacter()" classname="clash_royale.model.game.elemets.card.SpellCardTest" time="0.004"/>
  <testcase name="getDamage()" classname="clash_royale.model.game.elemets.card.SpellCardTest" time="0.001"/>
  <testcase name="getRange()" classname="clash_royale.model.game.elemets.card.SpellCardTest" time="0.002"/>
  <system-out><![CDATA[]]></system-out>
  <system-err><![CDATA[]]></system-err>
</testsuite>
