<?xml version="1.0" encoding="UTF-8"?>
<testsuite name="clash_royale.controller.game.ArenaControllerTest" tests="3" skipped="0" failures="0" errors="0" timestamp="2021-05-31T00:48:46" hostname="LAPTOP-MNIAEDA4" time="0.064">
  <properties/>
  <testcase name="getTarget()" classname="clash_royale.controller.game.ArenaControllerTest" time="0.059"/>
  <testcase name="healthChanged()" classname="clash_royale.controller.game.ArenaControllerTest" time="0.003"/>
  <testcase name="getModel()" classname="clash_royale.controller.game.ArenaControllerTest" time="0.001"/>
  <system-out><![CDATA[]]></system-out>
  <system-err><![CDATA[]]></system-err>
</testsuite>
