<?xml version="1.0" encoding="UTF-8"?>
<testsuite name="clash_royale.states.game.GameStateTest" tests="3" skipped="0" failures="0" errors="0" timestamp="2021-05-31T00:48:48" hostname="LAPTOP-MNIAEDA4" time="1.061">
  <properties/>
  <testcase name="initViewer()" classname="clash_royale.states.game.GameStateTest" time="1.057"/>
  <testcase name="initController()" classname="clash_royale.states.game.GameStateTest" time="0.002"/>
  <testcase name="getModel()" classname="clash_royale.states.game.GameStateTest" time="0.001"/>
  <system-out><![CDATA[]]></system-out>
  <system-err><![CDATA[]]></system-err>
</testsuite>
