<?xml version="1.0" encoding="UTF-8"?>
<testsuite name="clash_royale.view.gameover.GameOverViewerTest" tests="2" skipped="0" failures="0" errors="0" timestamp="2021-05-31T00:48:49" hostname="LAPTOP-MNIAEDA4" time="0.01">
  <properties/>
  <testcase name="drawElementPlayAgain()" classname="clash_royale.view.gameover.GameOverViewerTest" time="0.006"/>
  <testcase name="drawElementExit()" classname="clash_royale.view.gameover.GameOverViewerTest" time="0.003"/>
  <system-out><![CDATA[]]></system-out>
  <system-err><![CDATA[]]></system-err>
</testsuite>
