<?xml version="1.0" encoding="UTF-8"?>
<testsuite name="clash_royale.model.game.elemets.tower.TowerTest" tests="5" skipped="0" failures="0" errors="0" timestamp="2021-05-31T00:48:48" hostname="LAPTOP-MNIAEDA4" time="0.006">
  <properties/>
  <testcase name="getTowerHitDamage()" classname="clash_royale.model.game.elemets.tower.TowerTest" time="0.0"/>
  <testcase name="getHealth()" classname="clash_royale.model.game.elemets.tower.TowerTest" time="0.0"/>
  <testcase name="decreaseHealth()" classname="clash_royale.model.game.elemets.tower.TowerTest" time="0.001"/>
  <testcase name="getRange()" classname="clash_royale.model.game.elemets.tower.TowerTest" time="0.001"/>
  <testcase name="getState()" classname="clash_royale.model.game.elemets.tower.TowerTest" time="0.001"/>
  <system-out><![CDATA[]]></system-out>
  <system-err><![CDATA[]]></system-err>
</testsuite>
