<?xml version="1.0" encoding="UTF-8"?>
<testsuite name="clash_royale.model.game.elemets.character.SpellCharacterTest" tests="5" skipped="0" failures="0" errors="0" timestamp="2021-05-31T00:48:48" hostname="LAPTOP-MNIAEDA4" time="0.019">
  <properties/>
  <testcase name="attack()" classname="clash_royale.model.game.elemets.character.SpellCharacterTest" time="0.003"/>
  <testcase name="getCard()" classname="clash_royale.model.game.elemets.character.SpellCharacterTest" time="0.004"/>
  <testcase name="move()" classname="clash_royale.model.game.elemets.character.SpellCharacterTest" time="0.003"/>
  <testcase name="getRange()" classname="clash_royale.model.game.elemets.character.SpellCharacterTest" time="0.0"/>
  <testcase name="getInitialPosition()" classname="clash_royale.model.game.elemets.character.SpellCharacterTest" time="0.001"/>
  <system-out><![CDATA[]]></system-out>
  <system-err><![CDATA[]]></system-err>
</testsuite>
