<?xml version="1.0" encoding="UTF-8"?>
<testsuite name="clash_royale.model.game.elemets.BoundaryTest" tests="5" skipped="0" failures="0" errors="0" timestamp="2021-05-31T00:48:47" hostname="LAPTOP-MNIAEDA4" time="0.01">
  <properties/>
  <testcase name="setPosition()" classname="clash_royale.model.game.elemets.BoundaryTest" time="0.002"/>
  <testcase name="getPosition()" classname="clash_royale.model.game.elemets.BoundaryTest" time="0.0"/>
  <testcase name="equals()" classname="clash_royale.model.game.elemets.BoundaryTest" time="0.001"/>
  <testcase name="getX()" classname="clash_royale.model.game.elemets.BoundaryTest" time="0.001"/>
  <testcase name="getY()" classname="clash_royale.model.game.elemets.BoundaryTest" time="0.001"/>
  <system-out><![CDATA[]]></system-out>
  <system-err><![CDATA[]]></system-err>
</testsuite>
