<?xml version="1.0" encoding="UTF-8"?>
<testsuite name="clash_royale.model.game.elemets.card.CardTest" tests="1" skipped="0" failures="0" errors="0" timestamp="2021-05-31T00:48:47" hostname="LAPTOP-MNIAEDA4" time="0.006">
  <properties/>
  <testcase name="equals()" classname="clash_royale.model.game.elemets.card.CardTest" time="0.006"/>
  <system-out><![CDATA[]]></system-out>
  <system-err><![CDATA[]]></system-err>
</testsuite>
